<?xml version="1.0" encoding="UTF-8"?>
<testng-results ignored="0" total="1" passed="1" failed="0" skipped="0">
  <reporter-output>
  </reporter-output>
  <suite started-at="2022-09-23T14:14:04 IST" name="Default suite" finished-at="2022-09-23T14:14:23 IST" duration-ms="19392">
    <groups>
    </groups>
    <test started-at="2022-09-23T14:14:04 IST" name="Default test" finished-at="2022-09-23T14:14:23 IST" duration-ms="19392">
      <class name="tests.LoginTests">
        <test-method is-config="true" signature="classLevelSetup()[pri:0, instance:tests.LoginTests@63376bed]" started-at="2022-09-23T14:14:04 IST" name="classLevelSetup" finished-at="2022-09-23T14:14:05 IST" duration-ms="1728" status="PASS">
          <reporter-output>
          </reporter-output>
        </test-method> <!-- classLevelSetup -->
        <test-method is-config="true" signature="methodLevelSetup()[pri:0, instance:tests.LoginTests@63376bed]" started-at="2022-09-23T14:14:05 IST" name="methodLevelSetup" finished-at="2022-09-23T14:14:05 IST" duration-ms="10" status="PASS">
          <reporter-output>
          </reporter-output>
        </test-method> <!-- methodLevelSetup -->
        <test-method signature="validLoginTest(java.lang.reflect.Method)[pri:0, instance:tests.LoginTests@63376bed]" started-at="2022-09-23T14:14:05 IST" name="validLoginTest" description="Valid Login Scenario with correct username and password." finished-at="2022-09-23T14:14:23 IST" duration-ms="17600" status="PASS">
          <params>
            <param index="0">
              <value>
                <![CDATA[public void tests.LoginTests.validLoginTest(java.lang.reflect.Method) throws java.lang.InterruptedException]]>
              </value>
            </param>
          </params>
          <reporter-output>
          </reporter-output>
        </test-method> <!-- validLoginTest -->
        <test-method is-config="true" signature="teardown()[pri:0, instance:tests.LoginTests@63376bed]" started-at="2022-09-23T14:14:23 IST" name="teardown" finished-at="2022-09-23T14:14:23 IST" duration-ms="1" status="PASS">
          <reporter-output>
          </reporter-output>
        </test-method> <!-- teardown -->
      </class> <!-- tests.LoginTests -->
    </test> <!-- Default test -->
  </suite> <!-- Default suite -->
</testng-results>
