<?xml version="1.0" encoding="UTF-8"?>
<!-- Generated by org.testng.reporters.JUnitXMLReporter -->
<testsuite ignored="0" hostname="DESKTOP-UAJMCLF" failures="0" tests="3" name="Default test" time="488.964" errors="0" timestamp="2022-12-02T16:50:39 IST">
  <testcase classname="tests.DecreaseProductQuantityTest" name="DecreaseQuantity" time="225.176"/>
  <testcase classname="tests.DecreaseProductQuantityTest" name="DecreaseQuantity" time="223.966"/>
  <testcase classname="tests.DecreaseProductQuantityTest" name="VerifyQuantity" time="14.121"/>
</testsuite> <!-- Default test -->
