<?xml version="1.0" encoding="UTF-8"?>
<testng-results ignored="0" total="1" passed="1" failed="0" skipped="0">
  <reporter-output>
  </reporter-output>
  <suite started-at="2022-09-30T12:47:22 IST" name="Default suite" finished-at="2022-09-30T12:48:56 IST" duration-ms="93814">
    <groups>
    </groups>
    <test started-at="2022-09-30T12:47:22 IST" name="Default test" finished-at="2022-09-30T12:48:56 IST" duration-ms="93814">
      <class name="tests.AddNewCustomerTest">
        <test-method is-config="true" signature="classLevelSetup()[pri:0, instance:tests.AddNewCustomerTest@298a5e20]" started-at="2022-09-30T12:47:22 IST" name="classLevelSetup" finished-at="2022-09-30T12:47:24 IST" duration-ms="1915" status="PASS">
          <reporter-output>
          </reporter-output>
        </test-method> <!-- classLevelSetup -->
        <test-method is-config="true" signature="methodLevelSetup()[pri:0, instance:tests.AddNewCustomerTest@298a5e20]" started-at="2022-09-30T12:47:24 IST" name="methodLevelSetup" finished-at="2022-09-30T12:47:24 IST" duration-ms="6" status="PASS">
          <reporter-output>
          </reporter-output>
        </test-method> <!-- methodLevelSetup -->
        <test-method signature="AddingCustomer(java.lang.reflect.Method)[pri:0, instance:tests.AddNewCustomerTest@298a5e20]" started-at="2022-09-30T12:47:24 IST" name="AddingCustomer" finished-at="2022-09-30T12:48:56 IST" duration-ms="91838" status="PASS">
          <params>
            <param index="0">
              <value>
                <![CDATA[public void tests.AddNewCustomerTest.AddingCustomer(java.lang.reflect.Method) throws java.lang.InterruptedException]]>
              </value>
            </param>
          </params>
          <reporter-output>
          </reporter-output>
        </test-method> <!-- AddingCustomer -->
        <test-method is-config="true" signature="teardown()[pri:0, instance:tests.AddNewCustomerTest@298a5e20]" started-at="2022-09-30T12:48:56 IST" name="teardown" finished-at="2022-09-30T12:48:56 IST" duration-ms="0" status="PASS">
          <reporter-output>
          </reporter-output>
        </test-method> <!-- teardown -->
      </class> <!-- tests.AddNewCustomerTest -->
    </test> <!-- Default test -->
  </suite> <!-- Default suite -->
</testng-results>
