<?xml version="1.0" encoding="UTF-8"?>
<!-- Generated by org.testng.reporters.JUnitXMLReporter -->
<testsuite ignored="0" hostname="DESKTOP-UAJMCLF" failures="0" tests="5" name="ProductQuantityTest" time="928.609" errors="0" timestamp="2022-12-02T17:08:13 IST">
  <testcase classname="tests.IncreaseProductQuantityTest" name="IncreaseQuantity" time="207.71"/>
  <testcase classname="tests.IncreaseProductQuantityTest" name="IncreaseQuantity" time="202.697"/>
  <testcase classname="tests.DecreaseProductQuantityTest" name="DecreaseQuantity" time="230.132"/>
  <testcase classname="tests.DecreaseProductQuantityTest" name="DecreaseQuantity" time="223.814"/>
  <testcase classname="tests.DecreaseProductQuantityTest" name="VerifyQuantity" time="14.082"/>
</testsuite> <!-- ProductQuantityTest -->
