<?xml version="1.0" encoding="UTF-8"?>
<testng-results ignored="0" total="1" passed="1" failed="0" skipped="0">
  <reporter-output>
  </reporter-output>
  <suite started-at="2022-12-02T17:25:12 IST" name="Functional Test" finished-at="2022-12-02T17:28:10 IST" duration-ms="178806">
    <groups>
    </groups>
    <test started-at="2022-12-02T17:25:12 IST" name="Test" finished-at="2022-12-02T17:28:10 IST" duration-ms="178806">
      <class name="tests.PlaceOrderTest">
        <test-method is-config="true" signature="classLevelSetup()[pri:0, instance:tests.PlaceOrderTest@4d1c00d0]" started-at="2022-12-02T17:25:12 IST" name="classLevelSetup" finished-at="2022-12-02T17:25:38 IST" duration-ms="25673" status="PASS">
          <reporter-output>
          </reporter-output>
        </test-method> <!-- classLevelSetup -->
        <test-method signature="PlaceOrder(java.lang.reflect.Method)[pri:0, instance:tests.PlaceOrderTest@4d1c00d0]" started-at="2022-12-02T17:25:38 IST" name="PlaceOrder" description="Add a product into the cart" finished-at="2022-12-02T17:28:10 IST" duration-ms="152286" status="PASS">
          <params>
            <param index="0">
              <value>
                <![CDATA[public void tests.PlaceOrderTest.PlaceOrder(java.lang.reflect.Method) throws java.lang.InterruptedException]]>
              </value>
            </param>
          </params>
          <reporter-output>
          </reporter-output>
        </test-method> <!-- PlaceOrder -->
        <test-method is-config="true" signature="teardown()[pri:0, instance:tests.PlaceOrderTest@4d1c00d0]" started-at="2022-12-02T17:28:10 IST" name="teardown" finished-at="2022-12-02T17:28:10 IST" duration-ms="0" status="PASS">
          <reporter-output>
          </reporter-output>
        </test-method> <!-- teardown -->
      </class> <!-- tests.PlaceOrderTest -->
    </test> <!-- Test -->
  </suite> <!-- Functional Test -->
</testng-results>
